2025-03-28 16:55:17,226 - app.core.config - DEBUG - Debug mode is enabled
2025-03-28 16:55:17,244 - passlib.registry - DEBUG - registered 'bcrypt' handler: <class 'passlib.handlers.bcrypt.bcrypt'>
2025-03-28 16:55:22,182 - app.core.config - DEBUG - Debug mode is enabled
2025-03-28 16:55:22,202 - passlib.registry - DEBUG - registered 'bcrypt' handler: <class 'passlib.handlers.bcrypt.bcrypt'>
2025-03-28 16:57:19,099 - app.core.config - DEBUG - Debug mode is enabled
2025-03-28 16:57:19,131 - passlib.registry - DEBUG - registered 'bcrypt' handler: <class 'passlib.handlers.bcrypt.bcrypt'>
2025-03-28 16:58:16,844 - app.core.config - DEBUG - Debug mode is enabled
2025-03-28 16:58:16,856 - passlib.registry - DEBUG - registered 'bcrypt' handler: <class 'passlib.handlers.bcrypt.bcrypt'>
2025-03-28 17:03:40,845 - app.core.config - DEBUG - Debug mode is enabled
2025-03-28 17:03:40,859 - passlib.registry - DEBUG - registered 'bcrypt' handler: <class 'passlib.handlers.bcrypt.bcrypt'>
2025-03-28 17:04:20,352 - app.core.config - DEBUG - Debug mode is enabled
2025-03-28 17:04:20,367 - passlib.registry - DEBUG - registered 'bcrypt' handler: <class 'passlib.handlers.bcrypt.bcrypt'>
2025-03-28 17:05:21,456 - app.core.config - DEBUG - Debug mode is enabled
2025-03-28 17:05:21,460 - passlib.registry - DEBUG - registered 'bcrypt' handler: <class 'passlib.handlers.bcrypt.bcrypt'>
2025-03-28 17:05:47,918 - app.core.config - DEBUG - Debug mode is enabled
2025-03-28 17:05:47,928 - passlib.registry - DEBUG - registered 'bcrypt' handler: <class 'passlib.handlers.bcrypt.bcrypt'>
2025-03-28 17:10:26,661 - app.core.config - DEBUG - Debug mode is enabled
2025-03-28 17:10:26,681 - passlib.registry - DEBUG - registered 'bcrypt' handler: <class 'passlib.handlers.bcrypt.bcrypt'>
2025-03-28 17:14:27,488 - app.core.config - DEBUG - Debug mode is enabled
2025-03-28 17:14:27,506 - passlib.registry - DEBUG - registered 'bcrypt' handler: <class 'passlib.handlers.bcrypt.bcrypt'>
2025-03-28 17:14:27,570 - app.core.config - DEBUG - Debug mode is enabled
2025-03-28 17:14:27,586 - passlib.registry - DEBUG - registered 'bcrypt' handler: <class 'passlib.handlers.bcrypt.bcrypt'>
2025-03-28 17:15:49,290 - app.core.config - DEBUG - Debug mode is enabled
2025-03-28 17:15:49,334 - passlib.registry - DEBUG - registered 'bcrypt' handler: <class 'passlib.handlers.bcrypt.bcrypt'>
2025-03-28 17:15:50,902 - app.core.config - DEBUG - Debug mode is enabled
2025-03-28 17:15:50,994 - passlib.registry - DEBUG - registered 'bcrypt' handler: <class 'passlib.handlers.bcrypt.bcrypt'>
2025-03-28 17:16:24,739 - app.core.config - DEBUG - Debug mode is enabled
2025-03-28 17:16:24,756 - passlib.registry - DEBUG - registered 'bcrypt' handler: <class 'passlib.handlers.bcrypt.bcrypt'>
2025-03-28 17:16:26,514 - app.core.config - DEBUG - Debug mode is enabled
2025-03-28 17:16:26,526 - passlib.registry - DEBUG - registered 'bcrypt' handler: <class 'passlib.handlers.bcrypt.bcrypt'>
2025-03-28 17:16:32,478 - app.core.config - DEBUG - Debug mode is enabled
2025-03-28 17:16:32,494 - passlib.registry - DEBUG - registered 'bcrypt' handler: <class 'passlib.handlers.bcrypt.bcrypt'>
2025-03-28 17:20:31,746 - app.core.config - DEBUG - Debug mode is enabled
2025-03-28 17:20:31,751 - passlib.registry - DEBUG - registered 'bcrypt' handler: <class 'passlib.handlers.bcrypt.bcrypt'>
2025-03-28 17:20:32,167 - app.core.config - DEBUG - Debug mode is enabled
2025-03-28 17:20:32,213 - passlib.registry - DEBUG - registered 'bcrypt' handler: <class 'passlib.handlers.bcrypt.bcrypt'>
2025-03-28 17:20:32,397 - app.core.config - DEBUG - Debug mode is enabled
2025-03-28 17:20:32,418 - passlib.registry - DEBUG - registered 'bcrypt' handler: <class 'passlib.handlers.bcrypt.bcrypt'>
2025-03-28 17:20:37,133 - app.core.config - DEBUG - Debug mode is enabled
2025-03-28 17:20:37,145 - passlib.registry - DEBUG - registered 'bcrypt' handler: <class 'passlib.handlers.bcrypt.bcrypt'>
2025-03-28 17:20:37,353 - app.core.config - DEBUG - Debug mode is enabled
2025-03-28 17:20:37,392 - passlib.registry - DEBUG - registered 'bcrypt' handler: <class 'passlib.handlers.bcrypt.bcrypt'>
2025-03-28 17:20:37,403 - app.core.config - DEBUG - Debug mode is enabled
2025-03-28 17:20:37,428 - passlib.registry - DEBUG - registered 'bcrypt' handler: <class 'passlib.handlers.bcrypt.bcrypt'>
2025-03-28 17:20:42,256 - app.core.config - DEBUG - Debug mode is enabled
2025-03-28 17:20:42,272 - passlib.registry - DEBUG - registered 'bcrypt' handler: <class 'passlib.handlers.bcrypt.bcrypt'>
2025-03-28 17:20:42,695 - app.core.config - DEBUG - Debug mode is enabled
2025-03-28 17:20:42,753 - app.core.config - DEBUG - Debug mode is enabled
2025-03-28 17:20:42,772 - passlib.registry - DEBUG - registered 'bcrypt' handler: <class 'passlib.handlers.bcrypt.bcrypt'>
2025-03-28 17:20:42,787 - passlib.registry - DEBUG - registered 'bcrypt' handler: <class 'passlib.handlers.bcrypt.bcrypt'>
2025-03-28 17:23:11,331 - app.core.config - DEBUG - Debug mode is enabled
2025-03-28 17:23:11,347 - passlib.registry - DEBUG - registered 'bcrypt' handler: <class 'passlib.handlers.bcrypt.bcrypt'>
2025-03-28 17:25:24,756 - app.core.config - INFO - Incoming request: GET http://localhost:8000/docs
2025-03-28 17:25:24,761 - app.core.config - INFO - Request completed: GET http://localhost:8000/docs - Status: 200
2025-03-28 17:25:25,193 - app.core.config - INFO - Incoming request: GET http://localhost:8000/openapi.json
2025-03-28 17:25:25,263 - app.core.config - INFO - Request completed: GET http://localhost:8000/openapi.json - Status: 200
2025-03-28 17:30:45,917 - app.core.config - INFO - Incoming request: POST http://localhost:8000/api/v1/auth/login
2025-03-28 17:30:45,941 - python_multipart.multipart - DEBUG - Calling on_field_start with no data
2025-03-28 17:30:45,962 - python_multipart.multipart - DEBUG - Calling on_field_name with data[0:10]
2025-03-28 17:30:45,962 - python_multipart.multipart - DEBUG - Calling on_field_data with data[11:19]
2025-03-28 17:30:45,962 - python_multipart.multipart - DEBUG - Calling on_field_end with no data
2025-03-28 17:30:45,962 - python_multipart.multipart - DEBUG - Calling on_field_start with no data
2025-03-28 17:30:45,962 - python_multipart.multipart - DEBUG - Calling on_field_name with data[20:28]
2025-03-28 17:30:45,962 - python_multipart.multipart - DEBUG - Calling on_field_data with data[29:35]
2025-03-28 17:30:45,962 - python_multipart.multipart - DEBUG - Calling on_field_end with no data
2025-03-28 17:30:45,962 - python_multipart.multipart - DEBUG - Calling on_field_start with no data
2025-03-28 17:30:45,962 - python_multipart.multipart - DEBUG - Calling on_field_name with data[36:44]
2025-03-28 17:30:45,962 - python_multipart.multipart - DEBUG - Calling on_field_data with data[45:51]
2025-03-28 17:30:45,962 - python_multipart.multipart - DEBUG - Calling on_field_end with no data
2025-03-28 17:30:45,962 - python_multipart.multipart - DEBUG - Calling on_field_start with no data
2025-03-28 17:30:45,962 - python_multipart.multipart - DEBUG - Calling on_field_name with data[52:57]
2025-03-28 17:30:45,962 - python_multipart.multipart - DEBUG - Calling on_field_end with no data
2025-03-28 17:30:45,962 - python_multipart.multipart - DEBUG - Calling on_field_start with no data
2025-03-28 17:30:45,967 - python_multipart.multipart - DEBUG - Calling on_field_name with data[59:68]
2025-03-28 17:30:45,967 - python_multipart.multipart - DEBUG - Calling on_field_data with data[69:75]
2025-03-28 17:30:45,967 - python_multipart.multipart - DEBUG - Calling on_field_end with no data
2025-03-28 17:30:45,967 - python_multipart.multipart - DEBUG - Calling on_field_start with no data
2025-03-28 17:30:45,968 - python_multipart.multipart - DEBUG - Calling on_field_name with data[76:89]
2025-03-28 17:30:45,968 - python_multipart.multipart - DEBUG - Calling on_field_data with data[90:96]
2025-03-28 17:30:45,968 - python_multipart.multipart - DEBUG - Calling on_field_end with no data
2025-03-28 17:30:45,968 - python_multipart.multipart - DEBUG - Calling on_end with no data
2025-03-28 17:30:46,018 - app.core.config - INFO - Login attempt for user: admin2
2025-03-28 17:30:46,134 - app.core.config - WARNING - Login failed - user not found: admin2
2025-03-28 17:30:46,134 - app.core.config - ERROR - Login error: 401: Incorrect email or password
Traceback (most recent call last):
  File "C:\Users\Munees\Desktop\jwtfastapi-master\jwtfastapi\app\api\v1\auth.py", line 28, in login
    raise HTTPException(
fastapi.exceptions.HTTPException: 401: Incorrect email or password
2025-03-28 17:30:46,151 - app.core.config - INFO - Request completed: POST http://localhost:8000/api/v1/auth/login - Status: 401
2025-03-28 17:31:21,122 - app.core.config - INFO - Incoming request: POST http://localhost:8000/api/v1/auth/login
2025-03-28 17:31:21,124 - python_multipart.multipart - DEBUG - Calling on_field_start with no data
2025-03-28 17:31:21,124 - python_multipart.multipart - DEBUG - Calling on_field_name with data[0:10]
2025-03-28 17:31:21,124 - python_multipart.multipart - DEBUG - Calling on_field_data with data[11:19]
2025-03-28 17:31:21,124 - python_multipart.multipart - DEBUG - Calling on_field_end with no data
2025-03-28 17:31:21,126 - python_multipart.multipart - DEBUG - Calling on_field_start with no data
2025-03-28 17:31:21,126 - python_multipart.multipart - DEBUG - Calling on_field_name with data[20:28]
2025-03-28 17:31:21,126 - python_multipart.multipart - DEBUG - Calling on_field_data with data[29:47]
2025-03-28 17:31:21,126 - python_multipart.multipart - DEBUG - Calling on_field_end with no data
2025-03-28 17:31:21,126 - python_multipart.multipart - DEBUG - Calling on_field_start with no data
2025-03-28 17:31:21,126 - python_multipart.multipart - DEBUG - Calling on_field_name with data[48:56]
2025-03-28 17:31:21,126 - python_multipart.multipart - DEBUG - Calling on_field_data with data[57:63]
2025-03-28 17:31:21,126 - python_multipart.multipart - DEBUG - Calling on_field_end with no data
2025-03-28 17:31:21,126 - python_multipart.multipart - DEBUG - Calling on_field_start with no data
2025-03-28 17:31:21,128 - python_multipart.multipart - DEBUG - Calling on_field_name with data[64:69]
2025-03-28 17:31:21,128 - python_multipart.multipart - DEBUG - Calling on_field_end with no data
2025-03-28 17:31:21,128 - python_multipart.multipart - DEBUG - Calling on_field_start with no data
2025-03-28 17:31:21,128 - python_multipart.multipart - DEBUG - Calling on_field_name with data[71:80]
2025-03-28 17:31:21,128 - python_multipart.multipart - DEBUG - Calling on_field_data with data[81:87]
2025-03-28 17:31:21,128 - python_multipart.multipart - DEBUG - Calling on_field_end with no data
2025-03-28 17:31:21,128 - python_multipart.multipart - DEBUG - Calling on_field_start with no data
2025-03-28 17:31:21,128 - python_multipart.multipart - DEBUG - Calling on_field_name with data[88:101]
2025-03-28 17:31:21,128 - python_multipart.multipart - DEBUG - Calling on_field_data with data[102:108]
2025-03-28 17:31:21,130 - python_multipart.multipart - DEBUG - Calling on_field_end with no data
2025-03-28 17:31:21,130 - python_multipart.multipart - DEBUG - Calling on_end with no data
2025-03-28 17:31:21,135 - app.core.config - INFO - Login attempt for user: user@example.com
2025-03-28 17:31:21,136 - app.core.config - WARNING - Login failed - user not found: user@example.com
2025-03-28 17:31:21,136 - app.core.config - ERROR - Login error: 401: Incorrect email or password
Traceback (most recent call last):
  File "C:\Users\Munees\Desktop\jwtfastapi-master\jwtfastapi\app\api\v1\auth.py", line 28, in login
    raise HTTPException(
fastapi.exceptions.HTTPException: 401: Incorrect email or password
2025-03-28 17:31:21,136 - app.core.config - INFO - Request completed: POST http://localhost:8000/api/v1/auth/login - Status: 401
2025-03-28 17:31:59,039 - app.core.config - INFO - Incoming request: POST http://localhost:8000/api/v1/auth/login
2025-03-28 17:31:59,042 - python_multipart.multipart - DEBUG - Calling on_field_start with no data
2025-03-28 17:31:59,044 - python_multipart.multipart - DEBUG - Calling on_field_name with data[0:10]
2025-03-28 17:31:59,044 - python_multipart.multipart - DEBUG - Calling on_field_data with data[11:19]
2025-03-28 17:31:59,044 - python_multipart.multipart - DEBUG - Calling on_field_end with no data
2025-03-28 17:31:59,046 - python_multipart.multipart - DEBUG - Calling on_field_start with no data
2025-03-28 17:31:59,046 - python_multipart.multipart - DEBUG - Calling on_field_name with data[20:28]
2025-03-28 17:31:59,046 - python_multipart.multipart - DEBUG - Calling on_field_data with data[29:47]
2025-03-28 17:31:59,046 - python_multipart.multipart - DEBUG - Calling on_field_end with no data
2025-03-28 17:31:59,048 - python_multipart.multipart - DEBUG - Calling on_field_start with no data
2025-03-28 17:31:59,048 - python_multipart.multipart - DEBUG - Calling on_field_name with data[48:56]
2025-03-28 17:31:59,048 - python_multipart.multipart - DEBUG - Calling on_field_data with data[57:63]
2025-03-28 17:31:59,048 - python_multipart.multipart - DEBUG - Calling on_field_end with no data
2025-03-28 17:31:59,048 - python_multipart.multipart - DEBUG - Calling on_field_start with no data
2025-03-28 17:31:59,050 - python_multipart.multipart - DEBUG - Calling on_field_name with data[64:69]
2025-03-28 17:31:59,050 - python_multipart.multipart - DEBUG - Calling on_field_end with no data
2025-03-28 17:31:59,052 - python_multipart.multipart - DEBUG - Calling on_field_start with no data
2025-03-28 17:31:59,052 - python_multipart.multipart - DEBUG - Calling on_field_name with data[71:80]
2025-03-28 17:31:59,052 - python_multipart.multipart - DEBUG - Calling on_field_data with data[81:87]
2025-03-28 17:31:59,052 - python_multipart.multipart - DEBUG - Calling on_field_end with no data
2025-03-28 17:31:59,055 - python_multipart.multipart - DEBUG - Calling on_field_start with no data
2025-03-28 17:31:59,056 - python_multipart.multipart - DEBUG - Calling on_field_name with data[88:101]
2025-03-28 17:31:59,056 - python_multipart.multipart - DEBUG - Calling on_field_data with data[102:108]
2025-03-28 17:31:59,058 - python_multipart.multipart - DEBUG - Calling on_field_end with no data
2025-03-28 17:31:59,058 - python_multipart.multipart - DEBUG - Calling on_end with no data
2025-03-28 17:31:59,060 - app.core.config - INFO - Login attempt for user: user@example.com
2025-03-28 17:31:59,064 - app.core.config - WARNING - Login failed - user not found: user@example.com
2025-03-28 17:31:59,064 - app.core.config - ERROR - Login error: 401: Incorrect email or password
Traceback (most recent call last):
  File "C:\Users\Munees\Desktop\jwtfastapi-master\jwtfastapi\app\api\v1\auth.py", line 28, in login
    raise HTTPException(
fastapi.exceptions.HTTPException: 401: Incorrect email or password
2025-03-28 17:31:59,066 - app.core.config - INFO - Request completed: POST http://localhost:8000/api/v1/auth/login - Status: 401
2025-03-28 17:32:12,996 - app.core.config - INFO - Incoming request: POST http://localhost:8000/api/v1/auth/login
2025-03-28 17:32:13,000 - python_multipart.multipart - DEBUG - Calling on_field_start with no data
2025-03-28 17:32:13,000 - python_multipart.multipart - DEBUG - Calling on_field_name with data[0:10]
2025-03-28 17:32:13,000 - python_multipart.multipart - DEBUG - Calling on_field_data with data[11:19]
2025-03-28 17:32:13,000 - python_multipart.multipart - DEBUG - Calling on_field_end with no data
2025-03-28 17:32:13,000 - python_multipart.multipart - DEBUG - Calling on_field_start with no data
2025-03-28 17:32:13,000 - python_multipart.multipart - DEBUG - Calling on_field_name with data[20:28]
2025-03-28 17:32:13,000 - python_multipart.multipart - DEBUG - Calling on_field_data with data[29:47]
2025-03-28 17:32:13,000 - python_multipart.multipart - DEBUG - Calling on_field_end with no data
2025-03-28 17:32:13,000 - python_multipart.multipart - DEBUG - Calling on_field_start with no data
2025-03-28 17:32:13,004 - python_multipart.multipart - DEBUG - Calling on_field_name with data[48:56]
2025-03-28 17:32:13,005 - python_multipart.multipart - DEBUG - Calling on_field_data with data[57:62]
2025-03-28 17:32:13,005 - python_multipart.multipart - DEBUG - Calling on_field_end with no data
2025-03-28 17:32:13,006 - python_multipart.multipart - DEBUG - Calling on_field_start with no data
2025-03-28 17:32:13,006 - python_multipart.multipart - DEBUG - Calling on_field_name with data[63:68]
2025-03-28 17:32:13,006 - python_multipart.multipart - DEBUG - Calling on_field_end with no data
2025-03-28 17:32:13,006 - python_multipart.multipart - DEBUG - Calling on_field_start with no data
2025-03-28 17:32:13,006 - python_multipart.multipart - DEBUG - Calling on_field_name with data[70:79]
2025-03-28 17:32:13,008 - python_multipart.multipart - DEBUG - Calling on_field_data with data[80:86]
2025-03-28 17:32:13,008 - python_multipart.multipart - DEBUG - Calling on_field_end with no data
2025-03-28 17:32:13,008 - python_multipart.multipart - DEBUG - Calling on_field_start with no data
2025-03-28 17:32:13,008 - python_multipart.multipart - DEBUG - Calling on_field_name with data[87:100]
2025-03-28 17:32:13,008 - python_multipart.multipart - DEBUG - Calling on_field_data with data[101:107]
2025-03-28 17:32:13,011 - python_multipart.multipart - DEBUG - Calling on_field_end with no data
2025-03-28 17:32:13,011 - python_multipart.multipart - DEBUG - Calling on_end with no data
2025-03-28 17:32:13,013 - app.core.config - INFO - Login attempt for user: user@example.com
2025-03-28 17:32:13,021 - app.core.config - WARNING - Login failed - user not found: user@example.com
2025-03-28 17:32:13,021 - app.core.config - ERROR - Login error: 401: Incorrect email or password
Traceback (most recent call last):
  File "C:\Users\Munees\Desktop\jwtfastapi-master\jwtfastapi\app\api\v1\auth.py", line 28, in login
    raise HTTPException(
fastapi.exceptions.HTTPException: 401: Incorrect email or password
2025-03-28 17:32:13,024 - app.core.config - INFO - Request completed: POST http://localhost:8000/api/v1/auth/login - Status: 401
2025-03-28 17:34:40,830 - app.core.config - DEBUG - Debug mode is enabled
2025-03-28 17:34:40,845 - passlib.registry - DEBUG - registered 'bcrypt' handler: <class 'passlib.handlers.bcrypt.bcrypt'>
2025-03-28 17:42:31,383 - app.core.config - DEBUG - Debug mode is enabled
2025-03-28 17:42:31,404 - passlib.registry - DEBUG - registered 'bcrypt' handler: <class 'passlib.handlers.bcrypt.bcrypt'>
2025-03-28 17:49:46,475 - app.core.config - DEBUG - Debug mode is enabled
2025-03-28 17:49:46,491 - passlib.registry - DEBUG - registered 'bcrypt' handler: <class 'passlib.handlers.bcrypt.bcrypt'>
2025-03-28 17:54:46,032 - app.core.config - DEBUG - Debug mode is enabled
2025-03-28 17:54:46,060 - passlib.registry - DEBUG - registered 'bcrypt' handler: <class 'passlib.handlers.bcrypt.bcrypt'>
2025-03-28 17:54:46,602 - sqlalchemy.engine.Engine - INFO - SELECT DATABASE()
2025-03-28 17:54:46,602 - sqlalchemy.engine.Engine - INFO - [raw sql] {}
2025-03-28 17:54:46,602 - sqlalchemy.engine.Engine - INFO - SELECT @@sql_mode
2025-03-28 17:54:46,602 - sqlalchemy.engine.Engine - INFO - [raw sql] {}
2025-03-28 17:54:46,612 - sqlalchemy.engine.Engine - INFO - SELECT @@lower_case_table_names
2025-03-28 17:54:46,612 - sqlalchemy.engine.Engine - INFO - [raw sql] {}
2025-03-28 17:54:46,614 - sqlalchemy.engine.Engine - INFO - BEGIN (implicit)
2025-03-28 17:54:46,614 - sqlalchemy.engine.Engine - INFO - DESCRIBE `emts`.`users`
2025-03-28 17:54:46,615 - sqlalchemy.engine.Engine - INFO - [raw sql] {}
2025-03-28 17:54:46,650 - sqlalchemy.engine.Engine - INFO - ROLLBACK
2025-03-28 17:55:10,115 - app.core.config - DEBUG - Debug mode is enabled
2025-03-28 17:55:10,129 - passlib.registry - DEBUG - registered 'bcrypt' handler: <class 'passlib.handlers.bcrypt.bcrypt'>
2025-03-28 17:55:10,400 - sqlalchemy.engine.Engine - INFO - SELECT DATABASE()
2025-03-28 17:55:10,401 - sqlalchemy.engine.Engine - INFO - [raw sql] {}
2025-03-28 17:55:10,403 - sqlalchemy.engine.Engine - INFO - SELECT @@sql_mode
2025-03-28 17:55:10,404 - sqlalchemy.engine.Engine - INFO - [raw sql] {}
2025-03-28 17:55:10,405 - sqlalchemy.engine.Engine - INFO - SELECT @@lower_case_table_names
2025-03-28 17:55:10,406 - sqlalchemy.engine.Engine - INFO - [raw sql] {}
2025-03-28 17:55:10,408 - sqlalchemy.engine.Engine - INFO - BEGIN (implicit)
2025-03-28 17:55:10,409 - sqlalchemy.engine.Engine - INFO - DESCRIBE `emts`.`users`
2025-03-28 17:55:10,410 - sqlalchemy.engine.Engine - INFO - [raw sql] {}
2025-03-28 17:55:10,418 - sqlalchemy.engine.Engine - INFO - ROLLBACK
2025-03-28 17:55:13,594 - app.core.config - DEBUG - Debug mode is enabled
2025-03-28 17:55:13,609 - passlib.registry - DEBUG - registered 'bcrypt' handler: <class 'passlib.handlers.bcrypt.bcrypt'>
2025-03-28 17:55:13,888 - sqlalchemy.engine.Engine - INFO - SELECT DATABASE()
2025-03-28 17:55:13,891 - sqlalchemy.engine.Engine - INFO - [raw sql] {}
2025-03-28 17:55:13,894 - sqlalchemy.engine.Engine - INFO - SELECT @@sql_mode
2025-03-28 17:55:13,896 - sqlalchemy.engine.Engine - INFO - [raw sql] {}
2025-03-28 17:55:13,898 - sqlalchemy.engine.Engine - INFO - SELECT @@lower_case_table_names
2025-03-28 17:55:13,898 - sqlalchemy.engine.Engine - INFO - [raw sql] {}
2025-03-28 17:55:13,902 - sqlalchemy.engine.Engine - INFO - BEGIN (implicit)
2025-03-28 17:55:13,903 - sqlalchemy.engine.Engine - INFO - DESCRIBE `emts`.`users`
2025-03-28 17:55:13,904 - sqlalchemy.engine.Engine - INFO - [raw sql] {}
2025-03-28 17:55:13,912 - sqlalchemy.engine.Engine - INFO - ROLLBACK
2025-03-28 17:55:17,534 - app.core.config - DEBUG - Debug mode is enabled
2025-03-28 17:55:17,546 - passlib.registry - DEBUG - registered 'bcrypt' handler: <class 'passlib.handlers.bcrypt.bcrypt'>
2025-03-28 17:55:17,690 - sqlalchemy.engine.Engine - INFO - SELECT DATABASE()
2025-03-28 17:55:17,692 - sqlalchemy.engine.Engine - INFO - [raw sql] {}
2025-03-28 17:55:17,693 - sqlalchemy.engine.Engine - INFO - SELECT @@sql_mode
2025-03-28 17:55:17,694 - sqlalchemy.engine.Engine - INFO - [raw sql] {}
2025-03-28 17:55:17,695 - sqlalchemy.engine.Engine - INFO - SELECT @@lower_case_table_names
2025-03-28 17:55:17,695 - sqlalchemy.engine.Engine - INFO - [raw sql] {}
2025-03-28 17:55:17,696 - sqlalchemy.engine.Engine - INFO - BEGIN (implicit)
2025-03-28 17:55:17,696 - sqlalchemy.engine.Engine - INFO - DESCRIBE `emts`.`users`
2025-03-28 17:55:17,696 - sqlalchemy.engine.Engine - INFO - [raw sql] {}
2025-03-28 17:55:17,700 - sqlalchemy.engine.Engine - INFO - ROLLBACK
2025-03-28 17:55:19,889 - app.core.config - DEBUG - Debug mode is enabled
2025-03-28 17:55:19,902 - passlib.registry - DEBUG - registered 'bcrypt' handler: <class 'passlib.handlers.bcrypt.bcrypt'>
2025-03-28 17:55:20,050 - sqlalchemy.engine.Engine - INFO - SELECT DATABASE()
2025-03-28 17:55:20,050 - sqlalchemy.engine.Engine - INFO - [raw sql] {}
2025-03-28 17:55:20,050 - sqlalchemy.engine.Engine - INFO - SELECT @@sql_mode
2025-03-28 17:55:20,050 - sqlalchemy.engine.Engine - INFO - [raw sql] {}
2025-03-28 17:55:20,050 - sqlalchemy.engine.Engine - INFO - SELECT @@lower_case_table_names
2025-03-28 17:55:20,050 - sqlalchemy.engine.Engine - INFO - [raw sql] {}
2025-03-28 17:55:20,050 - sqlalchemy.engine.Engine - INFO - BEGIN (implicit)
2025-03-28 17:55:20,050 - sqlalchemy.engine.Engine - INFO - DESCRIBE `emts`.`users`
2025-03-28 17:55:20,050 - sqlalchemy.engine.Engine - INFO - [raw sql] {}
2025-03-28 17:55:20,065 - sqlalchemy.engine.Engine - INFO - ROLLBACK
2025-03-28 17:55:25,055 - app.core.config - DEBUG - Debug mode is enabled
2025-03-28 17:55:25,077 - passlib.registry - DEBUG - registered 'bcrypt' handler: <class 'passlib.handlers.bcrypt.bcrypt'>
2025-03-28 17:55:25,295 - sqlalchemy.engine.Engine - INFO - SELECT DATABASE()
2025-03-28 17:55:25,295 - sqlalchemy.engine.Engine - INFO - [raw sql] {}
2025-03-28 17:55:25,295 - sqlalchemy.engine.Engine - INFO - SELECT @@sql_mode
2025-03-28 17:55:25,295 - sqlalchemy.engine.Engine - INFO - [raw sql] {}
2025-03-28 17:55:25,295 - sqlalchemy.engine.Engine - INFO - SELECT @@lower_case_table_names
2025-03-28 17:55:25,295 - sqlalchemy.engine.Engine - INFO - [raw sql] {}
2025-03-28 17:55:25,305 - sqlalchemy.engine.Engine - INFO - BEGIN (implicit)
2025-03-28 17:55:25,307 - sqlalchemy.engine.Engine - INFO - DESCRIBE `emts`.`users`
2025-03-28 17:55:25,307 - sqlalchemy.engine.Engine - INFO - [raw sql] {}
2025-03-28 17:55:25,311 - sqlalchemy.engine.Engine - INFO - 
CREATE TABLE users (
	id INTEGER NOT NULL AUTO_INCREMENT, 
	email VARCHAR(255) NOT NULL, 
	hashed_password VARCHAR(255) NOT NULL, 
	full_name VARCHAR(255), 
	is_active BOOL, 
	`role` ENUM('ADMIN','MANAGER','USER'), 
	is_verified BOOL, 
	PRIMARY KEY (id)
)


2025-03-28 17:55:25,319 - sqlalchemy.engine.Engine - INFO - [no key 0.00194s] {}
2025-03-28 17:55:25,445 - sqlalchemy.engine.Engine - INFO - CREATE INDEX ix_users_id ON users (id)
2025-03-28 17:55:25,446 - sqlalchemy.engine.Engine - INFO - [no key 0.00095s] {}
2025-03-28 17:55:25,492 - sqlalchemy.engine.Engine - INFO - CREATE UNIQUE INDEX ix_users_email ON users (email)
2025-03-28 17:55:25,493 - sqlalchemy.engine.Engine - INFO - [no key 0.00057s] {}
2025-03-28 17:55:25,511 - sqlalchemy.engine.Engine - INFO - COMMIT
2025-03-28 18:01:25,449 - app.core.config - INFO - Incoming request: GET http://localhost:8000/docs
2025-03-28 18:01:25,499 - app.core.config - INFO - Request completed: GET http://localhost:8000/docs - Status: 200
2025-03-28 18:01:26,128 - app.core.config - INFO - Incoming request: GET http://localhost:8000/openapi.json
2025-03-28 18:01:26,147 - app.core.config - INFO - Request completed: GET http://localhost:8000/openapi.json - Status: 200
